<?xml version="1.0" encoding="UTF-8"?>
<testsuite name="com.kodilla.stream.forum.array.ArrayOperationsTestSuite" tests="1" skipped="0" failures="0" errors="0" timestamp="2019-04-19T18:07:44" hostname="DESKTOP-2KS3AM8" time="0.074">
  <properties/>
  <testcase name="testGetAverage" classname="com.kodilla.stream.forum.array.ArrayOperationsTestSuite" time="0.074"/>
  <system-out><![CDATA[0
1
2
3
4
5
6
7
8
9
10
11
12
13
14
15
16
17
18
19
]]></system-out>
  <system-err><![CDATA[]]></system-err>
</testsuite>
