<?xml version="1.0" encoding="UTF-8"?>
<testsuite name="com.kodilla.stream.forum.portfolio.BoardTestSuite" tests="5" skipped="0" failures="0" errors="0" timestamp="2019-04-19T18:07:44" hostname="DESKTOP-2KS3AM8" time="0.066">
  <properties/>
  <testcase name="testAddTaskList" classname="com.kodilla.stream.forum.portfolio.BoardTestSuite" time="0.04"/>
  <testcase name="testAddTaskListAverageWorkingOnTask" classname="com.kodilla.stream.forum.portfolio.BoardTestSuite" time="0.01"/>
  <testcase name="testAddTaskListFindUsersTasks" classname="com.kodilla.stream.forum.portfolio.BoardTestSuite" time="0.004"/>
  <testcase name="testAddTaskListFindLongTasks" classname="com.kodilla.stream.forum.portfolio.BoardTestSuite" time="0.007"/>
  <testcase name="testAddTaskListFindOutdatedTasks" classname="com.kodilla.stream.forum.portfolio.BoardTestSuite" time="0.004"/>
  <system-out><![CDATA[]]></system-out>
  <system-err><![CDATA[]]></system-err>
</testsuite>
