<?xml version="1.0" encoding="UTF-8"?>
<testsuite name="com.kodilla.stream.forum.portfolio.BoardTestSuite" tests="5" skipped="0" failures="0" errors="0" timestamp="2019-03-29T18:45:33" hostname="DESKTOP-2KS3AM8" time="0.195">
  <properties/>
  <testcase name="testAddTaskList" classname="com.kodilla.stream.forum.portfolio.BoardTestSuite" time="0.134"/>
  <testcase name="testAddTaskListAverageWorkingOnTask" classname="com.kodilla.stream.forum.portfolio.BoardTestSuite" time="0.03"/>
  <testcase name="testAddTaskListFindUsersTasks" classname="com.kodilla.stream.forum.portfolio.BoardTestSuite" time="0.002"/>
  <testcase name="testAddTaskListFindLongTasks" classname="com.kodilla.stream.forum.portfolio.BoardTestSuite" time="0.024"/>
  <testcase name="testAddTaskListFindOutdatedTasks" classname="com.kodilla.stream.forum.portfolio.BoardTestSuite" time="0.003"/>
  <system-out><![CDATA[]]></system-out>
  <system-err><![CDATA[]]></system-err>
</testsuite>
