<?xml version="1.0" encoding="UTF-8"?>
<testsuite name="com.kodilla.stream.forum.invoice.simple.SimpleInvoiceTestSuite" tests="1" skipped="0" failures="0" errors="0" timestamp="2019-04-20T17:03:46" hostname="DESKTOP-2KS3AM8" time="0.014">
  <properties/>
  <testcase name="testGetValueToPay" classname="com.kodilla.stream.forum.invoice.simple.SimpleInvoiceTestSuite" time="0.014"/>
  <system-out><![CDATA[]]></system-out>
  <system-err><![CDATA[]]></system-err>
</testsuite>
