<?xml version="1.0" encoding="UTF-8"?>
<testsuite name="com.kodilla.stream.forum.sand.SandStorageTestSuite" tests="2" skipped="0" failures="0" errors="0" timestamp="2019-03-29T18:45:33" hostname="DESKTOP-2KS3AM8" time="0.022">
  <properties/>
  <testcase name="testGetSandBeansQuantity" classname="com.kodilla.stream.forum.sand.SandStorageTestSuite" time="0.017"/>
  <testcase name="testGetSandBeansQuantityWithReduce" classname="com.kodilla.stream.forum.sand.SandStorageTestSuite" time="0.005"/>
  <system-out><![CDATA[]]></system-out>
  <system-err><![CDATA[]]></system-err>
</testsuite>
