<?xml version="1.0" encoding="UTF-8"?>
<testsuite name="com.kodilla.stream.forum.book.BookTestSuite" tests="2" skipped="0" failures="0" errors="0" timestamp="2019-04-20T17:03:46" hostname="DESKTOP-2KS3AM8" time="0.017">
  <properties/>
  <testcase name="testGetListUsingFor" classname="com.kodilla.stream.forum.book.BookTestSuite" time="0.005"/>
  <testcase name="testGetListUsingIntStream" classname="com.kodilla.stream.forum.book.BookTestSuite" time="0.011"/>
  <system-out><![CDATA[]]></system-out>
  <system-err><![CDATA[]]></system-err>
</testsuite>
