<?xml version="1.0" encoding="UTF-8"?>
<testsuite name="com.kodilla.stream.forum.world.WorldTestSuite" tests="1" skipped="0" failures="0" errors="0" timestamp="2019-04-19T18:07:44" hostname="DESKTOP-2KS3AM8" time="0.004">
  <properties/>
  <testcase name="testGetPeopleQuantity" classname="com.kodilla.stream.forum.world.WorldTestSuite" time="0.004"/>
  <system-out><![CDATA[]]></system-out>
  <system-err><![CDATA[]]></system-err>
</testsuite>
