<?xml version="1.0" encoding="UTF-8"?>
<testsuite name="com.kodilla.stream.forum.portfolio.BoardTestSuite" tests="5" skipped="0" failures="0" errors="0" timestamp="2019-04-20T17:03:46" hostname="DESKTOP-2KS3AM8" time="0.07">
  <properties/>
  <testcase name="testAddTaskList" classname="com.kodilla.stream.forum.portfolio.BoardTestSuite" time="0.047"/>
  <testcase name="testAddTaskListAverageWorkingOnTask" classname="com.kodilla.stream.forum.portfolio.BoardTestSuite" time="0.008"/>
  <testcase name="testAddTaskListFindUsersTasks" classname="com.kodilla.stream.forum.portfolio.BoardTestSuite" time="0.004"/>
  <testcase name="testAddTaskListFindLongTasks" classname="com.kodilla.stream.forum.portfolio.BoardTestSuite" time="0.008"/>
  <testcase name="testAddTaskListFindOutdatedTasks" classname="com.kodilla.stream.forum.portfolio.BoardTestSuite" time="0.002"/>
  <system-out><![CDATA[]]></system-out>
  <system-err><![CDATA[]]></system-err>
</testsuite>
