<?xml version="1.0" encoding="UTF-8"?>
<testsuite name="com.kodilla.stream.forum.sand.SandStorageTestSuite" tests="2" skipped="0" failures="0" errors="0" timestamp="2019-04-20T17:03:46" hostname="DESKTOP-2KS3AM8" time="0.023">
  <properties/>
  <testcase name="testGetSandBeansQuantity" classname="com.kodilla.stream.forum.sand.SandStorageTestSuite" time="0.021"/>
  <testcase name="testGetSandBeansQuantityWithReduce" classname="com.kodilla.stream.forum.sand.SandStorageTestSuite" time="0.002"/>
  <system-out><![CDATA[]]></system-out>
  <system-err><![CDATA[]]></system-err>
</testsuite>
