<?xml version="1.0" encoding="UTF-8"?>
<testsuite name="com.kodilla.stream.forum.world.WorldTestSuite" tests="1" skipped="0" failures="0" errors="0" timestamp="2019-03-29T18:45:33" hostname="DESKTOP-2KS3AM8" time="0.015">
  <properties/>
  <testcase name="testGetPeopleQuantity" classname="com.kodilla.stream.forum.world.WorldTestSuite" time="0.015"/>
  <system-out><![CDATA[]]></system-out>
  <system-err><![CDATA[]]></system-err>
</testsuite>
