<?xml version="1.0" encoding="UTF-8"?>
<testsuite name="com.kodilla.testing.forum.ForumTestSuite" tests="8" skipped="0" failures="0" errors="0" timestamp="2019-04-19T18:07:49" hostname="DESKTOP-2KS3AM8" time="0.006">
  <properties/>
  <testcase name="testRemovePostNotExisting" classname="com.kodilla.testing.forum.ForumTestSuite" time="0.002"/>
  <testcase name="testAddPost" classname="com.kodilla.testing.forum.ForumTestSuite" time="0.0"/>
  <testcase name="testGetPost" classname="com.kodilla.testing.forum.ForumTestSuite" time="0.0"/>
  <testcase name="testRemoveCommentNotExisting" classname="com.kodilla.testing.forum.ForumTestSuite" time="0.001"/>
  <testcase name="testRemoveComment" classname="com.kodilla.testing.forum.ForumTestSuite" time="0.001"/>
  <testcase name="testRemovePost" classname="com.kodilla.testing.forum.ForumTestSuite" time="0.0"/>
  <testcase name="testGetComment" classname="com.kodilla.testing.forum.ForumTestSuite" time="0.0"/>
  <testcase name="testAddComment" classname="com.kodilla.testing.forum.ForumTestSuite" time="0.0"/>
  <system-out><![CDATA[]]></system-out>
  <system-err><![CDATA[]]></system-err>
</testsuite>
