<?xml version="1.0" encoding="UTF-8"?>
<testsuite name="com.kodilla.testing.forum.statistics.mock.stastics.stub.AdvStatisticsTestSuite" tests="6" skipped="0" failures="0" errors="0" timestamp="2019-02-02T21:39:57" hostname="DESKTOP-2KS3AM8" time="2.765">
  <properties/>
  <testcase name="testShowStatisticsWithMockWithNumberOfCommentsBiggerThanNumberOfPosts" classname="com.kodilla.testing.forum.statistics.mock.stastics.stub.AdvStatisticsTestSuite" time="2.303"/>
  <testcase name="testShowStatisticsWithMockWithAmountOfUsersEqualTo100" classname="com.kodilla.testing.forum.statistics.mock.stastics.stub.AdvStatisticsTestSuite" time="0.444"/>
  <testcase name="testShowStatisticsWithMockWithCommentsCountEqualTo0" classname="com.kodilla.testing.forum.statistics.mock.stastics.stub.AdvStatisticsTestSuite" time="0.003"/>
  <testcase name="testShowStatisticsWithMockWithAmountOfUsersEqualToZero" classname="com.kodilla.testing.forum.statistics.mock.stastics.stub.AdvStatisticsTestSuite" time="0.002"/>
  <testcase name="testShowStatisticsWithMockWithPostsCountEqualTo1000" classname="com.kodilla.testing.forum.statistics.mock.stastics.stub.AdvStatisticsTestSuite" time="0.003"/>
  <testcase name="testShowStatisticsWithMockWithPostsCountEqualToZero" classname="com.kodilla.testing.forum.statistics.mock.stastics.stub.AdvStatisticsTestSuite" time="0.004"/>
  <system-out><![CDATA[]]></system-out>
  <system-err><![CDATA[]]></system-err>
</testsuite>
