<?xml version="1.0" encoding="UTF-8"?>
<testsuite name="com.kodilla.jdbc.DbManagerTestSuite" tests="3" skipped="0" failures="0" errors="0" timestamp="2019-04-20T17:03:21" hostname="DESKTOP-2KS3AM8" time="7.072">
  <properties/>
  <testcase name="testSelectUsers" classname="com.kodilla.jdbc.DbManagerTestSuite" time="6.596"/>
  <testcase name="testConnect" classname="com.kodilla.jdbc.DbManagerTestSuite" time="0.0"/>
  <testcase name="testSelectUsersAndPosts" classname="com.kodilla.jdbc.DbManagerTestSuite" time="0.475"/>
  <system-out><![CDATA[1, JOHN, SMITH
2, Zachary, Lee
3, Stephanie, Kovalsky
4, Thomas, Landgren
5, John, Thomson
2, Zachary, Lee
2, JOHN, SMITH
]]></system-out>
  <system-err><![CDATA[]]></system-err>
</testsuite>
